{"/Users/gerrardezeugwa/Desktop/projects/EPICMail-React/__tests__/setup/assetsTransformer.js": {"path":"/Users/gerrardezeugwa/Desktop/projects/EPICMail-React/__tests__/setup/assetsTransformer.js","statementMap":{"0":{"start":{"line":1,"column":13},"end":{"line":1,"column":28}},"1":{"start":{"line":3,"column":0},"end":{"line":7,"column":2}},"2":{"start":{"line":5,"column":4},"end":{"line":5,"column":79}}},"fnMap":{"0":{"name":"(anonymous_0)","decl":{"start":{"line":4,"column":2},"end":{"line":4,"column":3}},"loc":{"start":{"line":4,"column":42},"end":{"line":6,"column":3}},"line":4}},"branchMap":{},"s":{"0":2,"1":2,"2":0},"f":{"0":0},"b":{},"_coverageSchema":"43e27e138ebf9cfc5966b082cf9a028302ed4184","hash":"54be13ddf5aa6ed8936013fddb37f263d5461aa3"}
,"/Users/gerrardezeugwa/Desktop/projects/EPICMail-React/src/actions/authActions.js": {"path":"/Users/gerrardezeugwa/Desktop/projects/EPICMail-React/src/actions/authActions.js","statementMap":{"0":{"start":{"line":6,"column":26},"end":{"line":8,"column":2}},"1":{"start":{"line":6,"column":33},"end":{"line":8,"column":1}},"2":{"start":{"line":11,"column":30},"end":{"line":14,"column":2}},"3":{"start":{"line":11,"column":42},"end":{"line":14,"column":1}},"4":{"start":{"line":17,"column":28},"end":{"line":27,"column":1}},"5":{"start":{"line":17,"column":51},"end":{"line":27,"column":1}},"6":{"start":{"line":18,"column":2},"end":{"line":26,"column":7}},"7":{"start":{"line":20,"column":16},"end":{"line":20,"column":38}},"8":{"start":{"line":22,"column":6},"end":{"line":25,"column":9}},"9":{"start":{"line":30,"column":25},"end":{"line":55,"column":1}},"10":{"start":{"line":30,"column":49},"end":{"line":55,"column":1}},"11":{"start":{"line":31,"column":2},"end":{"line":54,"column":7}},"12":{"start":{"line":34,"column":6},"end":{"line":34,"column":29}},"13":{"start":{"line":36,"column":24},"end":{"line":36,"column":32}},"14":{"start":{"line":37,"column":6},"end":{"line":37,"column":46}},"15":{"start":{"line":40,"column":6},"end":{"line":40,"column":26}},"16":{"start":{"line":43,"column":22},"end":{"line":43,"column":38}},"17":{"start":{"line":46,"column":6},"end":{"line":46,"column":40}},"18":{"start":{"line":47,"column":6},"end":{"line":47,"column":29}},"19":{"start":{"line":50,"column":6},"end":{"line":53,"column":9}},"20":{"start":{"line":58,"column":26},"end":{"line":68,"column":1}},"21":{"start":{"line":58,"column":32},"end":{"line":68,"column":1}},"22":{"start":{"line":60,"column":2},"end":{"line":60,"column":38}},"23":{"start":{"line":63,"column":2},"end":{"line":63,"column":22}},"24":{"start":{"line":66,"column":2},"end":{"line":66,"column":31}},"25":{"start":{"line":67,"column":2},"end":{"line":67,"column":25}}},"fnMap":{"0":{"name":"(anonymous_0)","decl":{"start":{"line":6,"column":26},"end":{"line":6,"column":27}},"loc":{"start":{"line":6,"column":33},"end":{"line":8,"column":1}},"line":6},"1":{"name":"(anonymous_1)","decl":{"start":{"line":11,"column":30},"end":{"line":11,"column":31}},"loc":{"start":{"line":11,"column":42},"end":{"line":14,"column":1}},"line":11},"2":{"name":"(anonymous_2)","decl":{"start":{"line":17,"column":28},"end":{"line":17,"column":29}},"loc":{"start":{"line":17,"column":51},"end":{"line":27,"column":1}},"line":17},"3":{"name":"(anonymous_3)","decl":{"start":{"line":17,"column":51},"end":{"line":17,"column":52}},"loc":{"start":{"line":17,"column":65},"end":{"line":27,"column":1}},"line":17},"4":{"name":"(anonymous_4)","decl":{"start":{"line":20,"column":10},"end":{"line":20,"column":11}},"loc":{"start":{"line":20,"column":16},"end":{"line":20,"column":38}},"line":20},"5":{"name":"(anonymous_5)","decl":{"start":{"line":21,"column":11},"end":{"line":21,"column":12}},"loc":{"start":{"line":21,"column":20},"end":{"line":26,"column":5}},"line":21},"6":{"name":"(anonymous_6)","decl":{"start":{"line":30,"column":25},"end":{"line":30,"column":26}},"loc":{"start":{"line":30,"column":49},"end":{"line":55,"column":1}},"line":30},"7":{"name":"(anonymous_7)","decl":{"start":{"line":30,"column":49},"end":{"line":30,"column":50}},"loc":{"start":{"line":30,"column":63},"end":{"line":55,"column":1}},"line":30},"8":{"name":"(anonymous_8)","decl":{"start":{"line":33,"column":10},"end":{"line":33,"column":11}},"loc":{"start":{"line":33,"column":19},"end":{"line":48,"column":5}},"line":33},"9":{"name":"(anonymous_9)","decl":{"start":{"line":49,"column":11},"end":{"line":49,"column":12}},"loc":{"start":{"line":49,"column":20},"end":{"line":54,"column":5}},"line":49},"10":{"name":"(anonymous_10)","decl":{"start":{"line":58,"column":26},"end":{"line":58,"column":27}},"loc":{"start":{"line":58,"column":32},"end":{"line":68,"column":1}},"line":58},"11":{"name":"(anonymous_11)","decl":{"start":{"line":58,"column":32},"end":{"line":58,"column":33}},"loc":{"start":{"line":58,"column":55},"end":{"line":68,"column":1}},"line":58}},"branchMap":{},"s":{"0":1,"1":0,"2":1,"3":0,"4":1,"5":0,"6":0,"7":0,"8":0,"9":1,"10":0,"11":0,"12":0,"13":0,"14":0,"15":0,"16":0,"17":0,"18":0,"19":0,"20":1,"21":0,"22":0,"23":0,"24":0,"25":0},"f":{"0":0,"1":0,"2":0,"3":0,"4":0,"5":0,"6":0,"7":0,"8":0,"9":0,"10":0,"11":0},"b":{},"_coverageSchema":"43e27e138ebf9cfc5966b082cf9a028302ed4184","hash":"3527dcd7b18e2c8e5b12d41db87be6f08b34a1b3"}
,"/Users/gerrardezeugwa/Desktop/projects/EPICMail-React/src/actions/getActions.js": {"path":"/Users/gerrardezeugwa/Desktop/projects/EPICMail-React/src/actions/getActions.js","statementMap":{"0":{"start":{"line":7,"column":26},"end":{"line":9,"column":2}},"1":{"start":{"line":7,"column":33},"end":{"line":9,"column":1}},"2":{"start":{"line":12,"column":25},"end":{"line":23,"column":1}},"3":{"start":{"line":12,"column":31},"end":{"line":23,"column":1}},"4":{"start":{"line":14,"column":2},"end":{"line":22,"column":8}},"5":{"start":{"line":15,"column":17},"end":{"line":18,"column":6}},"6":{"start":{"line":19,"column":18},"end":{"line":22,"column":6}},"7":{"start":{"line":26,"column":23},"end":{"line":36,"column":1}},"8":{"start":{"line":26,"column":29},"end":{"line":36,"column":1}},"9":{"start":{"line":27,"column":2},"end":{"line":35,"column":8}},"10":{"start":{"line":28,"column":17},"end":{"line":31,"column":6}},"11":{"start":{"line":32,"column":18},"end":{"line":35,"column":6}},"12":{"start":{"line":39,"column":23},"end":{"line":49,"column":1}},"13":{"start":{"line":39,"column":29},"end":{"line":49,"column":1}},"14":{"start":{"line":40,"column":2},"end":{"line":48,"column":8}},"15":{"start":{"line":41,"column":17},"end":{"line":44,"column":6}},"16":{"start":{"line":45,"column":18},"end":{"line":48,"column":6}},"17":{"start":{"line":52,"column":25},"end":{"line":63,"column":1}},"18":{"start":{"line":52,"column":31},"end":{"line":63,"column":1}},"19":{"start":{"line":53,"column":2},"end":{"line":62,"column":8}},"20":{"start":{"line":55,"column":17},"end":{"line":58,"column":6}},"21":{"start":{"line":59,"column":18},"end":{"line":62,"column":6}}},"fnMap":{"0":{"name":"(anonymous_0)","decl":{"start":{"line":7,"column":26},"end":{"line":7,"column":27}},"loc":{"start":{"line":7,"column":33},"end":{"line":9,"column":1}},"line":7},"1":{"name":"(anonymous_1)","decl":{"start":{"line":12,"column":25},"end":{"line":12,"column":26}},"loc":{"start":{"line":12,"column":31},"end":{"line":23,"column":1}},"line":12},"2":{"name":"(anonymous_2)","decl":{"start":{"line":12,"column":31},"end":{"line":12,"column":32}},"loc":{"start":{"line":12,"column":45},"end":{"line":23,"column":1}},"line":12},"3":{"name":"(anonymous_3)","decl":{"start":{"line":15,"column":10},"end":{"line":15,"column":11}},"loc":{"start":{"line":15,"column":17},"end":{"line":18,"column":6}},"line":15},"4":{"name":"(anonymous_4)","decl":{"start":{"line":19,"column":11},"end":{"line":19,"column":12}},"loc":{"start":{"line":19,"column":18},"end":{"line":22,"column":6}},"line":19},"5":{"name":"(anonymous_5)","decl":{"start":{"line":26,"column":23},"end":{"line":26,"column":24}},"loc":{"start":{"line":26,"column":29},"end":{"line":36,"column":1}},"line":26},"6":{"name":"(anonymous_6)","decl":{"start":{"line":26,"column":29},"end":{"line":26,"column":30}},"loc":{"start":{"line":26,"column":43},"end":{"line":36,"column":1}},"line":26},"7":{"name":"(anonymous_7)","decl":{"start":{"line":28,"column":10},"end":{"line":28,"column":11}},"loc":{"start":{"line":28,"column":17},"end":{"line":31,"column":6}},"line":28},"8":{"name":"(anonymous_8)","decl":{"start":{"line":32,"column":11},"end":{"line":32,"column":12}},"loc":{"start":{"line":32,"column":18},"end":{"line":35,"column":6}},"line":32},"9":{"name":"(anonymous_9)","decl":{"start":{"line":39,"column":23},"end":{"line":39,"column":24}},"loc":{"start":{"line":39,"column":29},"end":{"line":49,"column":1}},"line":39},"10":{"name":"(anonymous_10)","decl":{"start":{"line":39,"column":29},"end":{"line":39,"column":30}},"loc":{"start":{"line":39,"column":43},"end":{"line":49,"column":1}},"line":39},"11":{"name":"(anonymous_11)","decl":{"start":{"line":41,"column":10},"end":{"line":41,"column":11}},"loc":{"start":{"line":41,"column":17},"end":{"line":44,"column":6}},"line":41},"12":{"name":"(anonymous_12)","decl":{"start":{"line":45,"column":11},"end":{"line":45,"column":12}},"loc":{"start":{"line":45,"column":18},"end":{"line":48,"column":6}},"line":45},"13":{"name":"(anonymous_13)","decl":{"start":{"line":52,"column":25},"end":{"line":52,"column":26}},"loc":{"start":{"line":52,"column":31},"end":{"line":63,"column":1}},"line":52},"14":{"name":"(anonymous_14)","decl":{"start":{"line":52,"column":31},"end":{"line":52,"column":32}},"loc":{"start":{"line":52,"column":45},"end":{"line":63,"column":1}},"line":52},"15":{"name":"(anonymous_15)","decl":{"start":{"line":55,"column":10},"end":{"line":55,"column":11}},"loc":{"start":{"line":55,"column":17},"end":{"line":58,"column":6}},"line":55},"16":{"name":"(anonymous_16)","decl":{"start":{"line":59,"column":11},"end":{"line":59,"column":12}},"loc":{"start":{"line":59,"column":18},"end":{"line":62,"column":6}},"line":59}},"branchMap":{},"s":{"0":3,"1":0,"2":3,"3":0,"4":0,"5":0,"6":0,"7":3,"8":0,"9":0,"10":0,"11":0,"12":3,"13":0,"14":0,"15":0,"16":0,"17":3,"18":0,"19":0,"20":0,"21":0},"f":{"0":0,"1":0,"2":0,"3":0,"4":0,"5":0,"6":0,"7":0,"8":0,"9":0,"10":0,"11":0,"12":0,"13":0,"14":0,"15":0,"16":0},"b":{},"_coverageSchema":"43e27e138ebf9cfc5966b082cf9a028302ed4184","hash":"52d9f7807c2ad7cc3e06d7a6bc960125a5cae609"}
,"/Users/gerrardezeugwa/Desktop/projects/EPICMail-React/src/actions/sendActions.js": {"path":"/Users/gerrardezeugwa/Desktop/projects/EPICMail-React/src/actions/sendActions.js","statementMap":{"0":{"start":{"line":4,"column":17},"end":{"line":17,"column":1}},"1":{"start":{"line":4,"column":40},"end":{"line":17,"column":1}},"2":{"start":{"line":5,"column":2},"end":{"line":16,"column":7}},"3":{"start":{"line":7,"column":19},"end":{"line":10,"column":6}},"4":{"start":{"line":12,"column":6},"end":{"line":15,"column":9}}},"fnMap":{"0":{"name":"(anonymous_0)","decl":{"start":{"line":4,"column":17},"end":{"line":4,"column":18}},"loc":{"start":{"line":4,"column":40},"end":{"line":17,"column":1}},"line":4},"1":{"name":"(anonymous_1)","decl":{"start":{"line":4,"column":40},"end":{"line":4,"column":41}},"loc":{"start":{"line":4,"column":54},"end":{"line":17,"column":1}},"line":4},"2":{"name":"(anonymous_2)","decl":{"start":{"line":7,"column":10},"end":{"line":7,"column":11}},"loc":{"start":{"line":7,"column":19},"end":{"line":10,"column":6}},"line":7},"3":{"name":"(anonymous_3)","decl":{"start":{"line":11,"column":11},"end":{"line":11,"column":12}},"loc":{"start":{"line":11,"column":20},"end":{"line":16,"column":5}},"line":11}},"branchMap":{},"s":{"0":1,"1":0,"2":0,"3":0,"4":0},"f":{"0":0,"1":0,"2":0,"3":0},"b":{},"_coverageSchema":"43e27e138ebf9cfc5966b082cf9a028302ed4184","hash":"7cbcc449b1a99c8e1c8cf22bc1456d534bcbc0ac"}
,"/Users/gerrardezeugwa/Desktop/projects/EPICMail-React/src/actions/types.js": {"path":"/Users/gerrardezeugwa/Desktop/projects/EPICMail-React/src/actions/types.js","statementMap":{"0":{"start":{"line":1,"column":26},"end":{"line":1,"column":38}},"1":{"start":{"line":2,"column":32},"end":{"line":2,"column":50}},"2":{"start":{"line":3,"column":23},"end":{"line":3,"column":32}},"3":{"start":{"line":4,"column":26},"end":{"line":4,"column":38}},"4":{"start":{"line":5,"column":24},"end":{"line":5,"column":34}},"5":{"start":{"line":6,"column":24},"end":{"line":6,"column":34}},"6":{"start":{"line":7,"column":25},"end":{"line":7,"column":36}},"7":{"start":{"line":8,"column":25},"end":{"line":8,"column":36}}},"fnMap":{},"branchMap":{},"s":{"0":5,"1":5,"2":5,"3":5,"4":5,"5":5,"6":5,"7":5},"f":{},"b":{},"_coverageSchema":"43e27e138ebf9cfc5966b082cf9a028302ed4184","hash":"9c88338e5c1c8c685685799d7e04d5d81ad437a4"}
,"/Users/gerrardezeugwa/Desktop/projects/EPICMail-React/src/components/commons/Button.js": {"path":"/Users/gerrardezeugwa/Desktop/projects/EPICMail-React/src/components/commons/Button.js","statementMap":{"0":{"start":{"line":4,"column":26},"end":{"line":8,"column":1}},"1":{"start":{"line":7,"column":2},"end":{"line":7,"column":71}},"2":{"start":{"line":10,"column":22},"end":{"line":14,"column":1}},"3":{"start":{"line":13,"column":2},"end":{"line":13,"column":105}},"4":{"start":{"line":16,"column":0},"end":{"line":21,"column":2}},"5":{"start":{"line":23,"column":0},"end":{"line":30,"column":2}}},"fnMap":{"0":{"name":"(anonymous_0)","decl":{"start":{"line":4,"column":26},"end":{"line":4,"column":27}},"loc":{"start":{"line":7,"column":2},"end":{"line":7,"column":71}},"line":7},"1":{"name":"(anonymous_1)","decl":{"start":{"line":10,"column":22},"end":{"line":10,"column":23}},"loc":{"start":{"line":13,"column":2},"end":{"line":13,"column":105}},"line":13}},"branchMap":{},"s":{"0":5,"1":0,"2":5,"3":0,"4":5,"5":5},"f":{"0":0,"1":0},"b":{},"_coverageSchema":"43e27e138ebf9cfc5966b082cf9a028302ed4184","hash":"0e8cb994571fd0a8c6c5187571842516e66158fc"}
,"/Users/gerrardezeugwa/Desktop/projects/EPICMail-React/src/components/commons/Loading.js": {"path":"/Users/gerrardezeugwa/Desktop/projects/EPICMail-React/src/components/commons/Loading.js","statementMap":{"0":{"start":{"line":4,"column":16},"end":{"line":9,"column":1}},"1":{"start":{"line":5,"column":2},"end":{"line":8,"column":8}}},"fnMap":{"0":{"name":"(anonymous_0)","decl":{"start":{"line":4,"column":16},"end":{"line":4,"column":17}},"loc":{"start":{"line":5,"column":2},"end":{"line":8,"column":8}},"line":5}},"branchMap":{},"s":{"0":2,"1":0},"f":{"0":0},"b":{},"_coverageSchema":"43e27e138ebf9cfc5966b082cf9a028302ed4184","hash":"38af4468a96054b572d7a36d33d8785e706acab2"}
,"/Users/gerrardezeugwa/Desktop/projects/EPICMail-React/src/components/commons/MailField.js": {"path":"/Users/gerrardezeugwa/Desktop/projects/EPICMail-React/src/components/commons/MailField.js","statementMap":{"0":{"start":{"line":5,"column":25},"end":{"line":26,"column":1}},"1":{"start":{"line":8,"column":2},"end":{"line":25,"column":8}},"2":{"start":{"line":28,"column":0},"end":{"line":36,"column":2}}},"fnMap":{"0":{"name":"(anonymous_0)","decl":{"start":{"line":5,"column":25},"end":{"line":5,"column":26}},"loc":{"start":{"line":8,"column":2},"end":{"line":25,"column":8}},"line":8}},"branchMap":{},"s":{"0":3,"1":0,"2":3},"f":{"0":0},"b":{},"_coverageSchema":"43e27e138ebf9cfc5966b082cf9a028302ed4184","hash":"ec037db76d7f517cbb9aa097da33df41ba6890b4"}
,"/Users/gerrardezeugwa/Desktop/projects/EPICMail-React/src/components/dashboard/Drafts.js": {"path":"/Users/gerrardezeugwa/Desktop/projects/EPICMail-React/src/components/dashboard/Drafts.js","statementMap":{"0":{"start":{"line":12,"column":26},"end":{"line":12,"column":36}},"1":{"start":{"line":13,"column":4},"end":{"line":13,"column":16}},"2":{"start":{"line":17,"column":46},"end":{"line":17,"column":56}},"3":{"start":{"line":20,"column":4},"end":{"line":28,"column":6}},"4":{"start":{"line":21,"column":6},"end":{"line":27,"column":8}},"5":{"start":{"line":30,"column":4},"end":{"line":49,"column":5}},"6":{"start":{"line":31,"column":6},"end":{"line":31,"column":35}},"7":{"start":{"line":33,"column":6},"end":{"line":48,"column":14}},"8":{"start":{"line":51,"column":4},"end":{"line":56,"column":5}},"9":{"start":{"line":60,"column":0},"end":{"line":63,"column":1}},"10":{"start":{"line":66,"column":24},"end":{"line":68,"column":2}},"11":{"start":{"line":66,"column":36},"end":{"line":68,"column":1}}},"fnMap":{"0":{"name":"(anonymous_0)","decl":{"start":{"line":11,"column":2},"end":{"line":11,"column":3}},"loc":{"start":{"line":11,"column":22},"end":{"line":14,"column":3}},"line":11},"1":{"name":"(anonymous_1)","decl":{"start":{"line":16,"column":2},"end":{"line":16,"column":3}},"loc":{"start":{"line":16,"column":11},"end":{"line":57,"column":3}},"line":16},"2":{"name":"(anonymous_2)","decl":{"start":{"line":20,"column":54},"end":{"line":20,"column":55}},"loc":{"start":{"line":21,"column":6},"end":{"line":27,"column":8}},"line":21},"3":{"name":"(anonymous_3)","decl":{"start":{"line":66,"column":24},"end":{"line":66,"column":25}},"loc":{"start":{"line":66,"column":36},"end":{"line":68,"column":1}},"line":66}},"branchMap":{"0":{"loc":{"start":{"line":20,"column":17},"end":{"line":28,"column":6}},"type":"binary-expr","locations":[{"start":{"line":20,"column":17},"end":{"line":20,"column":22}},{"start":{"line":20,"column":26},"end":{"line":28,"column":6}}],"line":20},"1":{"loc":{"start":{"line":30,"column":4},"end":{"line":49,"column":5}},"type":"if","locations":[{"start":{"line":30,"column":4},"end":{"line":49,"column":5}},{"start":{"line":30,"column":4},"end":{"line":49,"column":5}}],"line":30},"2":{"loc":{"start":{"line":30,"column":8},"end":{"line":30,"column":33}},"type":"binary-expr","locations":[{"start":{"line":30,"column":8},"end":{"line":30,"column":22}},{"start":{"line":30,"column":26},"end":{"line":30,"column":33}}],"line":30}},"s":{"0":1,"1":1,"2":1,"3":1,"4":0,"5":1,"6":0,"7":1,"8":1,"9":1,"10":1,"11":0},"f":{"0":1,"1":1,"2":0,"3":0},"b":{"0":[1,0],"1":[0,1],"2":[1,1]},"_coverageSchema":"43e27e138ebf9cfc5966b082cf9a028302ed4184","hash":"da59833d5c018d03fd1ea8ca4a76cdca0a2c7b66"}
,"/Users/gerrardezeugwa/Desktop/projects/EPICMail-React/src/components/dashboard/Inbox.js": {"path":"/Users/gerrardezeugwa/Desktop/projects/EPICMail-React/src/components/dashboard/Inbox.js","statementMap":{"0":{"start":{"line":11,"column":35},"end":{"line":11,"column":45}},"1":{"start":{"line":12,"column":4},"end":{"line":12,"column":14}},"2":{"start":{"line":13,"column":4},"end":{"line":13,"column":16}},"3":{"start":{"line":17,"column":44},"end":{"line":17,"column":54}},"4":{"start":{"line":20,"column":4},"end":{"line":28,"column":7}},"5":{"start":{"line":21,"column":6},"end":{"line":27,"column":8}},"6":{"start":{"line":30,"column":4},"end":{"line":38,"column":7}},"7":{"start":{"line":31,"column":6},"end":{"line":37,"column":8}},"8":{"start":{"line":40,"column":4},"end":{"line":62,"column":6}},"9":{"start":{"line":66,"column":0},"end":{"line":70,"column":2}},"10":{"start":{"line":73,"column":24},"end":{"line":76,"column":2}},"11":{"start":{"line":73,"column":34},"end":{"line":76,"column":1}}},"fnMap":{"0":{"name":"(anonymous_0)","decl":{"start":{"line":10,"column":2},"end":{"line":10,"column":3}},"loc":{"start":{"line":10,"column":22},"end":{"line":14,"column":3}},"line":10},"1":{"name":"(anonymous_1)","decl":{"start":{"line":16,"column":2},"end":{"line":16,"column":3}},"loc":{"start":{"line":16,"column":11},"end":{"line":63,"column":3}},"line":16},"2":{"name":"(anonymous_2)","decl":{"start":{"line":20,"column":57},"end":{"line":20,"column":58}},"loc":{"start":{"line":21,"column":6},"end":{"line":27,"column":8}},"line":21},"3":{"name":"(anonymous_3)","decl":{"start":{"line":30,"column":51},"end":{"line":30,"column":52}},"loc":{"start":{"line":31,"column":6},"end":{"line":37,"column":8}},"line":31},"4":{"name":"(anonymous_4)","decl":{"start":{"line":73,"column":24},"end":{"line":73,"column":25}},"loc":{"start":{"line":73,"column":34},"end":{"line":76,"column":1}},"line":73}},"branchMap":{"0":{"loc":{"start":{"line":20,"column":18},"end":{"line":28,"column":6}},"type":"binary-expr","locations":[{"start":{"line":20,"column":18},"end":{"line":20,"column":24}},{"start":{"line":20,"column":28},"end":{"line":28,"column":6}}],"line":20},"1":{"loc":{"start":{"line":30,"column":16},"end":{"line":38,"column":6}},"type":"binary-expr","locations":[{"start":{"line":30,"column":16},"end":{"line":30,"column":20}},{"start":{"line":30,"column":24},"end":{"line":38,"column":6}}],"line":30}},"s":{"0":1,"1":1,"2":1,"3":1,"4":1,"5":0,"6":1,"7":0,"8":1,"9":1,"10":1,"11":0},"f":{"0":1,"1":1,"2":0,"3":0,"4":0},"b":{"0":[1,0],"1":[1,0]},"_coverageSchema":"43e27e138ebf9cfc5966b082cf9a028302ed4184","hash":"74d6808a27317ee59285c07e903d29ab2f55da57"}
,"/Users/gerrardezeugwa/Desktop/projects/EPICMail-React/src/components/dashboard/SendMail.js": {"path":"/Users/gerrardezeugwa/Desktop/projects/EPICMail-React/src/components/dashboard/SendMail.js","statementMap":{"0":{"start":{"line":11,"column":4},"end":{"line":11,"column":17}},"1":{"start":{"line":13,"column":4},"end":{"line":19,"column":5}},"2":{"start":{"line":22,"column":12},"end":{"line":28,"column":3}},"3":{"start":{"line":23,"column":4},"end":{"line":27,"column":5}},"4":{"start":{"line":24,"column":6},"end":{"line":24,"column":46}},"5":{"start":{"line":25,"column":11},"end":{"line":27,"column":5}},"6":{"start":{"line":26,"column":6},"end":{"line":26,"column":46}},"7":{"start":{"line":30,"column":30},"end":{"line":34,"column":3}},"8":{"start":{"line":31,"column":4},"end":{"line":33,"column":5}},"9":{"start":{"line":32,"column":6},"end":{"line":32,"column":50}},"10":{"start":{"line":36,"column":13},"end":{"line":38,"column":3}},"11":{"start":{"line":37,"column":4},"end":{"line":37,"column":55}},"12":{"start":{"line":40,"column":13},"end":{"line":47,"column":3}},"13":{"start":{"line":41,"column":4},"end":{"line":41,"column":23}},"14":{"start":{"line":42,"column":50},"end":{"line":42,"column":60}},"15":{"start":{"line":43,"column":21},"end":{"line":43,"column":58}},"16":{"start":{"line":45,"column":4},"end":{"line":45,"column":54}},"17":{"start":{"line":46,"column":4},"end":{"line":46,"column":22}},"18":{"start":{"line":49,"column":15},"end":{"line":57,"column":3}},"19":{"start":{"line":50,"column":4},"end":{"line":56,"column":6}},"20":{"start":{"line":60,"column":23},"end":{"line":60,"column":33}},"21":{"start":{"line":62,"column":4},"end":{"line":105,"column":5}},"22":{"start":{"line":109,"column":0},"end":{"line":112,"column":1}},"23":{"start":{"line":114,"column":24},"end":{"line":116,"column":2}},"24":{"start":{"line":114,"column":36},"end":{"line":116,"column":1}}},"fnMap":{"0":{"name":"(anonymous_0)","decl":{"start":{"line":10,"column":2},"end":{"line":10,"column":3}},"loc":{"start":{"line":10,"column":21},"end":{"line":20,"column":3}},"line":10},"1":{"name":"(anonymous_1)","decl":{"start":{"line":22,"column":12},"end":{"line":22,"column":13}},"loc":{"start":{"line":22,"column":19},"end":{"line":28,"column":3}},"line":22},"2":{"name":"(anonymous_2)","decl":{"start":{"line":30,"column":30},"end":{"line":30,"column":31}},"loc":{"start":{"line":30,"column":45},"end":{"line":34,"column":3}},"line":30},"3":{"name":"(anonymous_3)","decl":{"start":{"line":36,"column":13},"end":{"line":36,"column":14}},"loc":{"start":{"line":36,"column":20},"end":{"line":38,"column":3}},"line":36},"4":{"name":"(anonymous_4)","decl":{"start":{"line":40,"column":13},"end":{"line":40,"column":14}},"loc":{"start":{"line":40,"column":20},"end":{"line":47,"column":3}},"line":40},"5":{"name":"(anonymous_5)","decl":{"start":{"line":49,"column":15},"end":{"line":49,"column":16}},"loc":{"start":{"line":49,"column":21},"end":{"line":57,"column":3}},"line":49},"6":{"name":"(anonymous_6)","decl":{"start":{"line":59,"column":2},"end":{"line":59,"column":3}},"loc":{"start":{"line":59,"column":11},"end":{"line":106,"column":3}},"line":59},"7":{"name":"(anonymous_7)","decl":{"start":{"line":114,"column":24},"end":{"line":114,"column":25}},"loc":{"start":{"line":114,"column":36},"end":{"line":116,"column":1}},"line":114}},"branchMap":{"0":{"loc":{"start":{"line":23,"column":4},"end":{"line":27,"column":5}},"type":"if","locations":[{"start":{"line":23,"column":4},"end":{"line":27,"column":5}},{"start":{"line":23,"column":4},"end":{"line":27,"column":5}}],"line":23},"1":{"loc":{"start":{"line":25,"column":11},"end":{"line":27,"column":5}},"type":"if","locations":[{"start":{"line":25,"column":11},"end":{"line":27,"column":5}},{"start":{"line":25,"column":11},"end":{"line":27,"column":5}}],"line":25},"2":{"loc":{"start":{"line":31,"column":4},"end":{"line":33,"column":5}},"type":"if","locations":[{"start":{"line":31,"column":4},"end":{"line":33,"column":5}},{"start":{"line":31,"column":4},"end":{"line":33,"column":5}}],"line":31},"3":{"loc":{"start":{"line":72,"column":19},"end":{"line":72,"column":86}},"type":"binary-expr","locations":[{"start":{"line":72,"column":19},"end":{"line":72,"column":33}},{"start":{"line":72,"column":38},"end":{"line":72,"column":85}}],"line":72}},"s":{"0":1,"1":1,"2":1,"3":0,"4":0,"5":0,"6":0,"7":1,"8":0,"9":0,"10":1,"11":0,"12":1,"13":0,"14":0,"15":0,"16":0,"17":0,"18":1,"19":0,"20":1,"21":1,"22":1,"23":1,"24":0},"f":{"0":1,"1":0,"2":0,"3":0,"4":0,"5":0,"6":1,"7":0},"b":{"0":[0,0],"1":[0,0],"2":[0,0],"3":[1,0]},"_coverageSchema":"43e27e138ebf9cfc5966b082cf9a028302ed4184","hash":"5438b8da52f34c5891c2599373a062c6efb31d1d"}
,"/Users/gerrardezeugwa/Desktop/projects/EPICMail-React/src/components/dashboard/Sent.js": {"path":"/Users/gerrardezeugwa/Desktop/projects/EPICMail-React/src/components/dashboard/Sent.js","statementMap":{"0":{"start":{"line":12,"column":24},"end":{"line":12,"column":34}},"1":{"start":{"line":13,"column":4},"end":{"line":13,"column":14}},"2":{"start":{"line":17,"column":45},"end":{"line":17,"column":55}},"3":{"start":{"line":20,"column":4},"end":{"line":30,"column":6}},"4":{"start":{"line":22,"column":6},"end":{"line":29,"column":8}},"5":{"start":{"line":32,"column":4},"end":{"line":50,"column":5}},"6":{"start":{"line":33,"column":6},"end":{"line":33,"column":35}},"7":{"start":{"line":35,"column":6},"end":{"line":49,"column":15}},"8":{"start":{"line":52,"column":4},"end":{"line":57,"column":5}},"9":{"start":{"line":61,"column":0},"end":{"line":64,"column":1}},"10":{"start":{"line":67,"column":24},"end":{"line":69,"column":2}},"11":{"start":{"line":67,"column":36},"end":{"line":69,"column":1}}},"fnMap":{"0":{"name":"(anonymous_0)","decl":{"start":{"line":11,"column":2},"end":{"line":11,"column":3}},"loc":{"start":{"line":11,"column":23},"end":{"line":14,"column":3}},"line":11},"1":{"name":"(anonymous_1)","decl":{"start":{"line":16,"column":2},"end":{"line":16,"column":3}},"loc":{"start":{"line":16,"column":11},"end":{"line":58,"column":3}},"line":16},"2":{"name":"(anonymous_2)","decl":{"start":{"line":20,"column":51},"end":{"line":20,"column":52}},"loc":{"start":{"line":22,"column":6},"end":{"line":29,"column":8}},"line":22},"3":{"name":"(anonymous_3)","decl":{"start":{"line":67,"column":24},"end":{"line":67,"column":25}},"loc":{"start":{"line":67,"column":36},"end":{"line":69,"column":1}},"line":67}},"branchMap":{"0":{"loc":{"start":{"line":20,"column":16},"end":{"line":30,"column":6}},"type":"binary-expr","locations":[{"start":{"line":20,"column":16},"end":{"line":20,"column":20}},{"start":{"line":20,"column":24},"end":{"line":30,"column":6}}],"line":20},"1":{"loc":{"start":{"line":32,"column":4},"end":{"line":50,"column":5}},"type":"if","locations":[{"start":{"line":32,"column":4},"end":{"line":50,"column":5}},{"start":{"line":32,"column":4},"end":{"line":50,"column":5}}],"line":32},"2":{"loc":{"start":{"line":32,"column":8},"end":{"line":32,"column":32}},"type":"binary-expr","locations":[{"start":{"line":32,"column":8},"end":{"line":32,"column":21}},{"start":{"line":32,"column":25},"end":{"line":32,"column":32}}],"line":32}},"s":{"0":1,"1":1,"2":1,"3":1,"4":0,"5":1,"6":0,"7":1,"8":1,"9":1,"10":1,"11":0},"f":{"0":1,"1":1,"2":0,"3":0},"b":{"0":[1,0],"1":[0,1],"2":[1,1]},"_coverageSchema":"43e27e138ebf9cfc5966b082cf9a028302ed4184","hash":"6fd79ad6ab85ccbd91b143d8bd881788baedc12b"}
,"/Users/gerrardezeugwa/Desktop/projects/EPICMail-React/src/components/layouts/Footer.js": {"path":"/Users/gerrardezeugwa/Desktop/projects/EPICMail-React/src/components/layouts/Footer.js","statementMap":{"0":{"start":{"line":4,"column":22},"end":{"line":22,"column":1}},"1":{"start":{"line":5,"column":2},"end":{"line":21,"column":8}}},"fnMap":{"0":{"name":"(anonymous_0)","decl":{"start":{"line":4,"column":22},"end":{"line":4,"column":23}},"loc":{"start":{"line":5,"column":2},"end":{"line":21,"column":8}},"line":5}},"branchMap":{},"s":{"0":1,"1":1},"f":{"0":1},"b":{},"_coverageSchema":"43e27e138ebf9cfc5966b082cf9a028302ed4184","hash":"8271d54c2ffbc5ca05fb255c90d50a0db97cde89"}
,"/Users/gerrardezeugwa/Desktop/projects/EPICMail-React/src/components/layouts/Landing.js": {"path":"/Users/gerrardezeugwa/Desktop/projects/EPICMail-React/src/components/layouts/Landing.js","statementMap":{"0":{"start":{"line":9,"column":4},"end":{"line":9,"column":12}},"1":{"start":{"line":10,"column":4},"end":{"line":10,"column":20}},"2":{"start":{"line":14,"column":4},"end":{"line":16,"column":5}},"3":{"start":{"line":15,"column":6},"end":{"line":15,"column":40}},"4":{"start":{"line":20,"column":4},"end":{"line":34,"column":6}},"5":{"start":{"line":38,"column":0},"end":{"line":40,"column":2}},"6":{"start":{"line":42,"column":24},"end":{"line":44,"column":2}},"7":{"start":{"line":42,"column":34},"end":{"line":44,"column":1}}},"fnMap":{"0":{"name":"(anonymous_0)","decl":{"start":{"line":8,"column":2},"end":{"line":8,"column":3}},"loc":{"start":{"line":8,"column":16},"end":{"line":11,"column":3}},"line":8},"1":{"name":"(anonymous_1)","decl":{"start":{"line":13,"column":2},"end":{"line":13,"column":3}},"loc":{"start":{"line":13,"column":22},"end":{"line":17,"column":3}},"line":13},"2":{"name":"(anonymous_2)","decl":{"start":{"line":19,"column":2},"end":{"line":19,"column":3}},"loc":{"start":{"line":19,"column":11},"end":{"line":35,"column":3}},"line":19},"3":{"name":"(anonymous_3)","decl":{"start":{"line":42,"column":24},"end":{"line":42,"column":25}},"loc":{"start":{"line":42,"column":34},"end":{"line":44,"column":1}},"line":42}},"branchMap":{"0":{"loc":{"start":{"line":14,"column":4},"end":{"line":16,"column":5}},"type":"if","locations":[{"start":{"line":14,"column":4},"end":{"line":16,"column":5}},{"start":{"line":14,"column":4},"end":{"line":16,"column":5}}],"line":14}},"s":{"0":1,"1":1,"2":1,"3":0,"4":1,"5":1,"6":1,"7":0},"f":{"0":1,"1":1,"2":1,"3":0},"b":{"0":[0,1]},"_coverageSchema":"43e27e138ebf9cfc5966b082cf9a028302ed4184","hash":"8bd1a51973f48edee942c5759de4ee36d6286705"}
,"/Users/gerrardezeugwa/Desktop/projects/EPICMail-React/src/components/layouts/Navbar.js": {"path":"/Users/gerrardezeugwa/Desktop/projects/EPICMail-React/src/components/layouts/Navbar.js","statementMap":{"0":{"start":{"line":9,"column":4},"end":{"line":9,"column":12}},"1":{"start":{"line":10,"column":4},"end":{"line":10,"column":20}},"2":{"start":{"line":14,"column":4},"end":{"line":14,"column":23}},"3":{"start":{"line":15,"column":4},"end":{"line":15,"column":28}},"4":{"start":{"line":19,"column":20},"end":{"line":19,"column":56}},"5":{"start":{"line":20,"column":17},"end":{"line":20,"column":48}},"6":{"start":{"line":21,"column":4},"end":{"line":21,"column":37}},"7":{"start":{"line":22,"column":4},"end":{"line":22,"column":34}},"8":{"start":{"line":26,"column":38},"end":{"line":26,"column":53}},"9":{"start":{"line":28,"column":6},"end":{"line":35,"column":12}},"10":{"start":{"line":39,"column":6},"end":{"line":42,"column":12}},"11":{"start":{"line":45,"column":4},"end":{"line":52,"column":6}},"12":{"start":{"line":56,"column":0},"end":{"line":59,"column":2}},"13":{"start":{"line":61,"column":24},"end":{"line":63,"column":2}},"14":{"start":{"line":61,"column":34},"end":{"line":63,"column":1}}},"fnMap":{"0":{"name":"(anonymous_0)","decl":{"start":{"line":8,"column":2},"end":{"line":8,"column":3}},"loc":{"start":{"line":8,"column":16},"end":{"line":11,"column":3}},"line":8},"1":{"name":"(anonymous_1)","decl":{"start":{"line":13,"column":2},"end":{"line":13,"column":3}},"loc":{"start":{"line":13,"column":19},"end":{"line":16,"column":3}},"line":13},"2":{"name":"(anonymous_2)","decl":{"start":{"line":18,"column":2},"end":{"line":18,"column":3}},"loc":{"start":{"line":18,"column":12},"end":{"line":23,"column":3}},"line":18},"3":{"name":"(anonymous_3)","decl":{"start":{"line":25,"column":2},"end":{"line":25,"column":3}},"loc":{"start":{"line":25,"column":11},"end":{"line":53,"column":3}},"line":25},"4":{"name":"(anonymous_4)","decl":{"start":{"line":61,"column":24},"end":{"line":61,"column":25}},"loc":{"start":{"line":61,"column":34},"end":{"line":63,"column":1}},"line":61}},"branchMap":{"0":{"loc":{"start":{"line":47,"column":9},"end":{"line":48,"column":75}},"type":"cond-expr","locations":[{"start":{"line":48,"column":12},"end":{"line":48,"column":70}},{"start":{"line":48,"column":73},"end":{"line":48,"column":75}}],"line":47},"1":{"loc":{"start":{"line":50,"column":9},"end":{"line":50,"column":49}},"type":"cond-expr","locations":[{"start":{"line":50,"column":27},"end":{"line":50,"column":36}},{"start":{"line":50,"column":39},"end":{"line":50,"column":49}}],"line":50}},"s":{"0":1,"1":1,"2":0,"3":0,"4":0,"5":0,"6":0,"7":0,"8":1,"9":1,"10":1,"11":1,"12":1,"13":1,"14":0},"f":{"0":1,"1":0,"2":0,"3":1,"4":0},"b":{"0":[1,0],"1":[1,0]},"_coverageSchema":"43e27e138ebf9cfc5966b082cf9a028302ed4184","hash":"4dafd04d4bda1b978571728ec845ee839388285b"}
,"/Users/gerrardezeugwa/Desktop/projects/EPICMail-React/src/components/layouts/SideNav.js": {"path":"/Users/gerrardezeugwa/Desktop/projects/EPICMail-React/src/components/layouts/SideNav.js","statementMap":{"0":{"start":{"line":6,"column":4},"end":{"line":6,"column":12}},"1":{"start":{"line":7,"column":4},"end":{"line":7,"column":20}},"2":{"start":{"line":10,"column":13},"end":{"line":15,"column":3}},"3":{"start":{"line":11,"column":20},"end":{"line":11,"column":56}},"4":{"start":{"line":12,"column":17},"end":{"line":12,"column":48}},"5":{"start":{"line":13,"column":4},"end":{"line":13,"column":40}},"6":{"start":{"line":14,"column":4},"end":{"line":14,"column":37}},"7":{"start":{"line":18,"column":4},"end":{"line":27,"column":8}}},"fnMap":{"0":{"name":"(anonymous_0)","decl":{"start":{"line":5,"column":2},"end":{"line":5,"column":3}},"loc":{"start":{"line":5,"column":16},"end":{"line":8,"column":3}},"line":5},"1":{"name":"(anonymous_1)","decl":{"start":{"line":10,"column":13},"end":{"line":10,"column":14}},"loc":{"start":{"line":10,"column":19},"end":{"line":15,"column":3}},"line":10},"2":{"name":"(anonymous_2)","decl":{"start":{"line":17,"column":2},"end":{"line":17,"column":3}},"loc":{"start":{"line":17,"column":11},"end":{"line":28,"column":5}},"line":17}},"branchMap":{},"s":{"0":1,"1":1,"2":1,"3":0,"4":0,"5":0,"6":0,"7":1},"f":{"0":1,"1":0,"2":1},"b":{},"_coverageSchema":"43e27e138ebf9cfc5966b082cf9a028302ed4184","hash":"ccd946dba1bd10e662a8ccd5262da2f01f568b7b"}
,"/Users/gerrardezeugwa/Desktop/projects/EPICMail-React/src/utils/setAuthToken.js": {"path":"/Users/gerrardezeugwa/Desktop/projects/EPICMail-React/src/utils/setAuthToken.js","statementMap":{"0":{"start":{"line":3,"column":21},"end":{"line":10,"column":1}},"1":{"start":{"line":4,"column":2},"end":{"line":9,"column":3}},"2":{"start":{"line":6,"column":4},"end":{"line":6,"column":59}},"3":{"start":{"line":8,"column":4},"end":{"line":8,"column":58}}},"fnMap":{"0":{"name":"(anonymous_0)","decl":{"start":{"line":3,"column":21},"end":{"line":3,"column":22}},"loc":{"start":{"line":3,"column":32},"end":{"line":10,"column":1}},"line":3}},"branchMap":{"0":{"loc":{"start":{"line":4,"column":2},"end":{"line":9,"column":3}},"type":"if","locations":[{"start":{"line":4,"column":2},"end":{"line":9,"column":3}},{"start":{"line":4,"column":2},"end":{"line":9,"column":3}}],"line":4}},"s":{"0":1,"1":0,"2":0,"3":0},"f":{"0":0},"b":{"0":[0,0]},"_coverageSchema":"43e27e138ebf9cfc5966b082cf9a028302ed4184","hash":"218bba300a42d9195d898b31d361070997db0907"}
}
