TN:
SF:/Users/gerrardezeugwa/Desktop/projects/EPICMail-React/__tests__/setup/assetsTransformer.js
FN:4,(anonymous_0)
FNF:1
FNH:0
FNDA:0,(anonymous_0)
DA:1,2
DA:3,2
DA:5,0
LF:3
LH:2
BRF:0
BRH:0
end_of_record
TN:
SF:/Users/gerrardezeugwa/Desktop/projects/EPICMail-React/src/actions/authActions.js
FN:6,(anonymous_0)
FN:11,(anonymous_1)
FN:17,(anonymous_2)
FN:17,(anonymous_3)
FN:20,(anonymous_4)
FN:21,(anonymous_5)
FN:30,(anonymous_6)
FN:30,(anonymous_7)
FN:33,(anonymous_8)
FN:49,(anonymous_9)
FN:58,(anonymous_10)
FN:58,(anonymous_11)
FNF:12
FNH:0
FNDA:0,(anonymous_0)
FNDA:0,(anonymous_1)
FNDA:0,(anonymous_2)
FNDA:0,(anonymous_3)
FNDA:0,(anonymous_4)
FNDA:0,(anonymous_5)
FNDA:0,(anonymous_6)
FNDA:0,(anonymous_7)
FNDA:0,(anonymous_8)
FNDA:0,(anonymous_9)
FNDA:0,(anonymous_10)
FNDA:0,(anonymous_11)
DA:6,1
DA:11,1
DA:17,1
DA:18,0
DA:20,0
DA:22,0
DA:30,1
DA:31,0
DA:34,0
DA:36,0
DA:37,0
DA:40,0
DA:43,0
DA:46,0
DA:47,0
DA:50,0
DA:58,1
DA:60,0
DA:63,0
DA:66,0
DA:67,0
LF:21
LH:5
BRF:0
BRH:0
end_of_record
TN:
SF:/Users/gerrardezeugwa/Desktop/projects/EPICMail-React/src/actions/getActions.js
FN:7,(anonymous_0)
FN:12,(anonymous_1)
FN:12,(anonymous_2)
FN:15,(anonymous_3)
FN:19,(anonymous_4)
FN:26,(anonymous_5)
FN:26,(anonymous_6)
FN:28,(anonymous_7)
FN:32,(anonymous_8)
FN:39,(anonymous_9)
FN:39,(anonymous_10)
FN:41,(anonymous_11)
FN:45,(anonymous_12)
FN:52,(anonymous_13)
FN:52,(anonymous_14)
FN:55,(anonymous_15)
FN:59,(anonymous_16)
FNF:17
FNH:0
FNDA:0,(anonymous_0)
FNDA:0,(anonymous_1)
FNDA:0,(anonymous_2)
FNDA:0,(anonymous_3)
FNDA:0,(anonymous_4)
FNDA:0,(anonymous_5)
FNDA:0,(anonymous_6)
FNDA:0,(anonymous_7)
FNDA:0,(anonymous_8)
FNDA:0,(anonymous_9)
FNDA:0,(anonymous_10)
FNDA:0,(anonymous_11)
FNDA:0,(anonymous_12)
FNDA:0,(anonymous_13)
FNDA:0,(anonymous_14)
FNDA:0,(anonymous_15)
FNDA:0,(anonymous_16)
DA:7,3
DA:12,3
DA:14,0
DA:15,0
DA:19,0
DA:26,3
DA:27,0
DA:28,0
DA:32,0
DA:39,3
DA:40,0
DA:41,0
DA:45,0
DA:52,3
DA:53,0
DA:55,0
DA:59,0
LF:17
LH:5
BRF:0
BRH:0
end_of_record
TN:
SF:/Users/gerrardezeugwa/Desktop/projects/EPICMail-React/src/actions/sendActions.js
FN:4,(anonymous_0)
FN:4,(anonymous_1)
FN:7,(anonymous_2)
FN:11,(anonymous_3)
FNF:4
FNH:0
FNDA:0,(anonymous_0)
FNDA:0,(anonymous_1)
FNDA:0,(anonymous_2)
FNDA:0,(anonymous_3)
DA:4,1
DA:5,0
DA:7,0
DA:12,0
LF:4
LH:1
BRF:0
BRH:0
end_of_record
TN:
SF:/Users/gerrardezeugwa/Desktop/projects/EPICMail-React/src/actions/types.js
FNF:0
FNH:0
DA:1,5
DA:2,5
DA:3,5
DA:4,5
DA:5,5
DA:6,5
DA:7,5
DA:8,5
LF:8
LH:8
BRF:0
BRH:0
end_of_record
TN:
SF:/Users/gerrardezeugwa/Desktop/projects/EPICMail-React/src/components/commons/Button.js
FN:4,(anonymous_0)
FN:10,(anonymous_1)
FNF:2
FNH:0
FNDA:0,(anonymous_0)
FNDA:0,(anonymous_1)
DA:4,5
DA:7,0
DA:10,5
DA:13,0
DA:16,5
DA:23,5
LF:6
LH:4
BRF:0
BRH:0
end_of_record
TN:
SF:/Users/gerrardezeugwa/Desktop/projects/EPICMail-React/src/components/commons/Loading.js
FN:4,(anonymous_0)
FNF:1
FNH:0
FNDA:0,(anonymous_0)
DA:4,2
DA:5,0
LF:2
LH:1
BRF:0
BRH:0
end_of_record
TN:
SF:/Users/gerrardezeugwa/Desktop/projects/EPICMail-React/src/components/commons/MailField.js
FN:5,(anonymous_0)
FNF:1
FNH:0
FNDA:0,(anonymous_0)
DA:5,3
DA:8,0
DA:28,3
LF:3
LH:2
BRF:0
BRH:0
end_of_record
TN:
SF:/Users/gerrardezeugwa/Desktop/projects/EPICMail-React/src/components/dashboard/Drafts.js
FN:11,(anonymous_0)
FN:16,(anonymous_1)
FN:20,(anonymous_2)
FN:66,(anonymous_3)
FNF:4
FNH:2
FNDA:1,(anonymous_0)
FNDA:1,(anonymous_1)
FNDA:0,(anonymous_2)
FNDA:0,(anonymous_3)
DA:12,1
DA:13,1
DA:17,1
DA:20,1
DA:21,0
DA:30,1
DA:31,0
DA:33,1
DA:51,1
DA:60,1
DA:66,1
LF:11
LH:9
BRDA:20,0,0,1
BRDA:20,0,1,0
BRDA:30,1,0,0
BRDA:30,1,1,1
BRDA:30,2,0,1
BRDA:30,2,1,1
BRF:6
BRH:4
end_of_record
TN:
SF:/Users/gerrardezeugwa/Desktop/projects/EPICMail-React/src/components/dashboard/Inbox.js
FN:10,(anonymous_0)
FN:16,(anonymous_1)
FN:20,(anonymous_2)
FN:30,(anonymous_3)
FN:73,(anonymous_4)
FNF:5
FNH:2
FNDA:1,(anonymous_0)
FNDA:1,(anonymous_1)
FNDA:0,(anonymous_2)
FNDA:0,(anonymous_3)
FNDA:0,(anonymous_4)
DA:11,1
DA:12,1
DA:13,1
DA:17,1
DA:20,1
DA:21,0
DA:30,1
DA:31,0
DA:40,1
DA:66,1
DA:73,1
LF:11
LH:9
BRDA:20,0,0,1
BRDA:20,0,1,0
BRDA:30,1,0,1
BRDA:30,1,1,0
BRF:4
BRH:2
end_of_record
TN:
SF:/Users/gerrardezeugwa/Desktop/projects/EPICMail-React/src/components/dashboard/SendMail.js
FN:10,(anonymous_0)
FN:22,(anonymous_1)
FN:30,(anonymous_2)
FN:36,(anonymous_3)
FN:40,(anonymous_4)
FN:49,(anonymous_5)
FN:59,(anonymous_6)
FN:114,(anonymous_7)
FNF:8
FNH:2
FNDA:1,(anonymous_0)
FNDA:0,(anonymous_1)
FNDA:0,(anonymous_2)
FNDA:0,(anonymous_3)
FNDA:0,(anonymous_4)
FNDA:0,(anonymous_5)
FNDA:1,(anonymous_6)
FNDA:0,(anonymous_7)
DA:11,1
DA:13,1
DA:22,1
DA:23,0
DA:24,0
DA:25,0
DA:26,0
DA:30,1
DA:31,0
DA:32,0
DA:36,1
DA:37,0
DA:40,1
DA:41,0
DA:42,0
DA:43,0
DA:45,0
DA:46,0
DA:49,1
DA:50,0
DA:60,1
DA:62,1
DA:109,1
DA:114,1
LF:24
LH:11
BRDA:23,0,0,0
BRDA:23,0,1,0
BRDA:25,1,0,0
BRDA:25,1,1,0
BRDA:31,2,0,0
BRDA:31,2,1,0
BRDA:72,3,0,1
BRDA:72,3,1,0
BRF:8
BRH:1
end_of_record
TN:
SF:/Users/gerrardezeugwa/Desktop/projects/EPICMail-React/src/components/dashboard/Sent.js
FN:11,(anonymous_0)
FN:16,(anonymous_1)
FN:20,(anonymous_2)
FN:67,(anonymous_3)
FNF:4
FNH:2
FNDA:1,(anonymous_0)
FNDA:1,(anonymous_1)
FNDA:0,(anonymous_2)
FNDA:0,(anonymous_3)
DA:12,1
DA:13,1
DA:17,1
DA:20,1
DA:22,0
DA:32,1
DA:33,0
DA:35,1
DA:52,1
DA:61,1
DA:67,1
LF:11
LH:9
BRDA:20,0,0,1
BRDA:20,0,1,0
BRDA:32,1,0,0
BRDA:32,1,1,1
BRDA:32,2,0,1
BRDA:32,2,1,1
BRF:6
BRH:4
end_of_record
TN:
SF:/Users/gerrardezeugwa/Desktop/projects/EPICMail-React/src/components/layouts/Footer.js
FN:4,(anonymous_0)
FNF:1
FNH:1
FNDA:1,(anonymous_0)
DA:4,1
DA:5,1
LF:2
LH:2
BRF:0
BRH:0
end_of_record
TN:
SF:/Users/gerrardezeugwa/Desktop/projects/EPICMail-React/src/components/layouts/Landing.js
FN:8,(anonymous_0)
FN:13,(anonymous_1)
FN:19,(anonymous_2)
FN:42,(anonymous_3)
FNF:4
FNH:3
FNDA:1,(anonymous_0)
FNDA:1,(anonymous_1)
FNDA:1,(anonymous_2)
FNDA:0,(anonymous_3)
DA:9,1
DA:10,1
DA:14,1
DA:15,0
DA:20,1
DA:38,1
DA:42,1
LF:7
LH:6
BRDA:14,0,0,0
BRDA:14,0,1,1
BRF:2
BRH:1
end_of_record
TN:
SF:/Users/gerrardezeugwa/Desktop/projects/EPICMail-React/src/components/layouts/Navbar.js
FN:8,(anonymous_0)
FN:13,(anonymous_1)
FN:18,(anonymous_2)
FN:25,(anonymous_3)
FN:61,(anonymous_4)
FNF:5
FNH:2
FNDA:1,(anonymous_0)
FNDA:0,(anonymous_1)
FNDA:0,(anonymous_2)
FNDA:1,(anonymous_3)
FNDA:0,(anonymous_4)
DA:9,1
DA:10,1
DA:14,0
DA:15,0
DA:19,0
DA:20,0
DA:21,0
DA:22,0
DA:26,1
DA:28,1
DA:39,1
DA:45,1
DA:56,1
DA:61,1
LF:14
LH:8
BRDA:47,0,0,1
BRDA:47,0,1,0
BRDA:50,1,0,1
BRDA:50,1,1,0
BRF:4
BRH:2
end_of_record
TN:
SF:/Users/gerrardezeugwa/Desktop/projects/EPICMail-React/src/components/layouts/SideNav.js
FN:5,(anonymous_0)
FN:10,(anonymous_1)
FN:17,(anonymous_2)
FNF:3
FNH:2
FNDA:1,(anonymous_0)
FNDA:0,(anonymous_1)
FNDA:1,(anonymous_2)
DA:6,1
DA:7,1
DA:10,1
DA:11,0
DA:12,0
DA:13,0
DA:14,0
DA:18,1
LF:8
LH:4
BRF:0
BRH:0
end_of_record
TN:
SF:/Users/gerrardezeugwa/Desktop/projects/EPICMail-React/src/utils/setAuthToken.js
FN:3,(anonymous_0)
FNF:1
FNH:0
FNDA:0,(anonymous_0)
DA:3,1
DA:4,0
DA:6,0
DA:8,0
LF:4
LH:1
BRDA:4,0,0,0
BRDA:4,0,1,0
BRF:2
BRH:0
end_of_record
